Arguments: 
  C:\Program Files\nodejs\node.exe C:\Users\Huynh Nhan\AppData\Roaming\npm\node_modules\yarn\bin\yarn.js add connect-flash dotenv express-ejs-layout express-fileupload express-session mongodb mongoose

PATH: 
  C:\Program Files\Java\jdk-14\bin;C:\Program Files\Intel\Intel(R) Management Engine Components\iCLS\;C:\Windows\system32;C:\Windows;C:\Windows\System32\Wbem;C:\Windows\System32\WindowsPowerShell\v1.0\;C:\Windows\System32\OpenSSH\;C:\Program Files (x86)\NVIDIA Corporation\PhysX\Common;C:\Program Files (x86)\Intel\Intel(R) Management Engine Components\DAL;C:\Program Files\Intel\Intel(R) Management Engine Components\DAL;C:\Program Files (x86)\Intel\Intel(R) Management Engine Components\IPT;C:\Program Files\Intel\Intel(R) Management Engine Components\IPT;C:\WINDOWS\system32;C:\WINDOWS;C:\WINDOWS\System32\Wbem;C:\WINDOWS\System32\WindowsPowerShell\v1.0\;C:\WINDOWS\System32\OpenSSH\;C:\Program Files\MATLAB\R2017b\runtime\win64;C:\Program Files\MATLAB\R2017b\bin;C:\Program Files\Azure Data Studio\bin;C:\Program Files\Microsoft SQL Server\Client SDK\ODBC\170\Tools\Binn\;C:\Program Files (x86)\Microsoft SQL Server\150\Tools\Binn\;C:\Program Files\Microsoft SQL Server\150\Tools\Binn\;C:\Program Files\Microsoft SQL Server\150\DTS\Binn\;C:\Program Files (x86)\Microsoft SQL Server\150\DTS\Binn\;C:\xampp\php;C:\composer;C:\Program Files\dotnet\;C:\Program Files\Microsoft SQL Server\130\Tools\Binn\;C:\Program Files\TortoiseSVN\bin;C:\Program Files\Git\cmd;C:\Program Files\nodejs\;C:\Users\Huynh Nhan\AppData\Local\Programs\Python\Python38-32\Scripts\;C:\Users\Huynh Nhan\AppData\Local\Programs\Python\Python38-32\;C:\Users\Huynh Nhan\AppData\Local\Microsoft\WindowsApps;C:\Program Files\Azure Data Studio\bin;C:\xampp\php;C:\Users\Huynh Nhan\AppData\Roaming\Composer\vendor\bin;C:\Users\Huynh Nhan\.dotnet\tools;C:\Users\Huynh Nhan\AppData\Local\Programs\Microsoft VS Code\bin;C:\Fullstack\flutter\bin;C:\Users\Huynh Nhan\AppData\Roaming\npm;C:\Users\Huynh Nhan\AppData\Local\Yarn\bin;

Yarn version: 
  1.22.19

Node version: 
  18.4.0

Platform: 
  win32 x64

Trace: 
  Error: https://registry.yarnpkg.com/express-ejs-layout: Not found
      at params.callback [as _callback] (C:\Users\Huynh Nhan\AppData\Roaming\npm\node_modules\yarn\lib\cli.js:66145:18)
      at self.callback (C:\Users\Huynh Nhan\AppData\Roaming\npm\node_modules\yarn\lib\cli.js:140890:22)
      at Request.emit (node:events:537:28)
      at Request.<anonymous> (C:\Users\Huynh Nhan\AppData\Roaming\npm\node_modules\yarn\lib\cli.js:141862:10)
      at Request.emit (node:events:537:28)
      at IncomingMessage.<anonymous> (C:\Users\Huynh Nhan\AppData\Roaming\npm\node_modules\yarn\lib\cli.js:141784:12)
      at Object.onceWrapper (node:events:651:28)
      at IncomingMessage.emit (node:events:549:35)
      at endReadableNT (node:internal/streams/readable:1359:12)
      at process.processTicksAndRejections (node:internal/process/task_queues:82:21)

npm manifest: 
  {
    "name": "cookingblog",
    "version": "0.0.0",
    "private": true,
    "scripts": {
      "start": "node ./bin/www"
    },
    "dependencies": {
      "cookie-parser": "~1.4.4",
      "debug": "~2.6.9",
      "ejs": "~2.6.1",
      "express": "~4.16.1",
      "http-errors": "~1.6.3",
      "morgan": "~1.9.1"
    }
  }

yarn manifest: 
  No manifest

Lockfile: 
  No lockfile
